This file contains any messages produced by compilers while
running configure, to aid debugging if configure makes a mistake.

It was created by SU2 configure 3.2.3, which was
generated by GNU Autoconf 2.69.  Invocation command line was

  $ ./configure --prefix=/home/vinoth/SU2/SU2_bin_3.2.3/ --with-CGNS-lib=/usr/local/lib --with-CGNS-include=/usr/local/include --enable-metis

## --------- ##
## Platform. ##
## --------- ##

hostname = ubuntu
uname -m = x86_64
uname -r = 3.11.0-26-generic
uname -s = Linux
uname -v = #45-Ubuntu SMP Tue Jul 15 04:02:06 UTC 2014

/usr/bin/uname -p = unknown
/bin/uname -X     = unknown

/bin/arch              = unknown
/usr/bin/arch -k       = unknown
/usr/convex/getsysinfo = unknown
/usr/bin/hostinfo      = unknown
/bin/machine           = unknown
/usr/bin/oslevel       = unknown
/bin/universe          = unknown

PATH: /usr/lib/lightdm/lightdm
PATH: /usr/local/sbin
PATH: /usr/local/bin
PATH: /usr/sbin
PATH: /usr/bin
PATH: /sbin
PATH: /bin
PATH: /usr/games
PATH: /usr/local/games
PATH: /home/vinoth/SU2/SU2_bin_3.2.3/bin


## ----------- ##
## Core tests. ##
## ----------- ##

configure:2398: checking build system type
configure:2412: result: x86_64-unknown-linux-gnu
configure:2432: checking host system type
configure:2445: result: x86_64-unknown-linux-gnu
configure:2465: checking target system type
configure:2478: result: x86_64-unknown-linux-gnu
configure:2520: checking for a BSD-compatible install
configure:2588: result: /usr/bin/install -c
configure:2599: checking whether build environment is sane
configure:2654: result: yes
configure:2805: checking for a thread-safe mkdir -p
configure:2844: result: /bin/mkdir -p
configure:2851: checking for gawk
configure:2881: result: no
configure:2851: checking for mawk
configure:2867: found /usr/bin/mawk
configure:2878: result: mawk
configure:2889: checking whether make sets $(MAKE)
configure:2911: result: yes
configure:3008: checking whether make supports nested variables
configure:3025: result: yes
configure:3097: checking for g++
configure:3113: found /usr/bin/g++
configure:3124: result: g++
configure:3151: checking for C++ compiler version
configure:3160: g++ --version >&5
g++ (Ubuntu/Linaro 4.8.1-10ubuntu9) 4.8.1
Copyright (C) 2013 Free Software Foundation, Inc.
This is free software; see the source for copying conditions.  There is NO
warranty; not even for MERCHANTABILITY or FITNESS FOR A PARTICULAR PURPOSE.

configure:3171: $? = 0
configure:3160: g++ -v >&5
Using built-in specs.
COLLECT_GCC=g++
COLLECT_LTO_WRAPPER=/usr/lib/gcc/x86_64-linux-gnu/4.8/lto-wrapper
Target: x86_64-linux-gnu
Configured with: ../src/configure -v --with-pkgversion='Ubuntu/Linaro 4.8.1-10ubuntu9' --with-bugurl=file:///usr/share/doc/gcc-4.8/README.Bugs --enable-languages=c,c++,java,go,d,fortran,objc,obj-c++ --prefix=/usr --program-suffix=-4.8 --enable-shared --enable-linker-build-id --libexecdir=/usr/lib --without-included-gettext --enable-threads=posix --with-gxx-include-dir=/usr/include/c++/4.8 --libdir=/usr/lib --enable-nls --with-sysroot=/ --enable-clocale=gnu --enable-libstdcxx-debug --enable-libstdcxx-time=yes --enable-gnu-unique-object --enable-plugin --with-system-zlib --disable-browser-plugin --enable-java-awt=gtk --enable-gtk-cairo --with-java-home=/usr/lib/jvm/java-1.5.0-gcj-4.8-amd64/jre --enable-java-home --with-jvm-root-dir=/usr/lib/jvm/java-1.5.0-gcj-4.8-amd64 --with-jvm-jar-dir=/usr/lib/jvm-exports/java-1.5.0-gcj-4.8-amd64 --with-arch-directory=amd64 --with-ecj-jar=/usr/share/java/eclipse-ecj.jar --enable-objc-gc --enable-multiarch --disable-werror --with-arch-32=i686 --with-abi=m64 --with-multilib-list=m32,m64,mx32 --with-tune=generic --enable-checking=release --build=x86_64-linux-gnu --host=x86_64-linux-gnu --target=x86_64-linux-gnu
Thread model: posix
gcc version 4.8.1 (Ubuntu/Linaro 4.8.1-10ubuntu9) 
configure:3171: $? = 0
configure:3160: g++ -V >&5
g++: error: unrecognized command line option '-V'
g++: fatal error: no input files
compilation terminated.
configure:3171: $? = 4
configure:3160: g++ -qversion >&5
g++: error: unrecognized command line option '-qversion'
g++: fatal error: no input files
compilation terminated.
configure:3171: $? = 4
configure:3191: checking whether the C++ compiler works
configure:3213: g++    conftest.cpp  >&5
configure:3217: $? = 0
configure:3265: result: yes
configure:3268: checking for C++ compiler default output file name
configure:3270: result: a.out
configure:3276: checking for suffix of executables
configure:3283: g++ -o conftest    conftest.cpp  >&5
configure:3287: $? = 0
configure:3309: result: 
configure:3331: checking whether we are cross compiling
configure:3339: g++ -o conftest    conftest.cpp  >&5
configure:3343: $? = 0
configure:3350: ./conftest
configure:3354: $? = 0
configure:3369: result: no
configure:3374: checking for suffix of object files
configure:3396: g++ -c   conftest.cpp >&5
configure:3400: $? = 0
configure:3421: result: o
configure:3425: checking whether we are using the GNU C++ compiler
configure:3444: g++ -c   conftest.cpp >&5
configure:3444: $? = 0
configure:3453: result: yes
configure:3462: checking whether g++ accepts -g
configure:3482: g++ -c -g  conftest.cpp >&5
configure:3482: $? = 0
configure:3523: result: yes
configure:3557: checking for style of include used by make
configure:3585: result: GNU
configure:3611: checking dependency style of g++
configure:3722: result: gcc3
configure:3785: checking for gcc
configure:3801: found /usr/bin/gcc
configure:3812: result: gcc
configure:4041: checking for C compiler version
configure:4050: gcc --version >&5
gcc (Ubuntu/Linaro 4.8.1-10ubuntu9) 4.8.1
Copyright (C) 2013 Free Software Foundation, Inc.
This is free software; see the source for copying conditions.  There is NO
warranty; not even for MERCHANTABILITY or FITNESS FOR A PARTICULAR PURPOSE.

configure:4061: $? = 0
configure:4050: gcc -v >&5
Using built-in specs.
COLLECT_GCC=gcc
COLLECT_LTO_WRAPPER=/usr/lib/gcc/x86_64-linux-gnu/4.8/lto-wrapper
Target: x86_64-linux-gnu
Configured with: ../src/configure -v --with-pkgversion='Ubuntu/Linaro 4.8.1-10ubuntu9' --with-bugurl=file:///usr/share/doc/gcc-4.8/README.Bugs --enable-languages=c,c++,java,go,d,fortran,objc,obj-c++ --prefix=/usr --program-suffix=-4.8 --enable-shared --enable-linker-build-id --libexecdir=/usr/lib --without-included-gettext --enable-threads=posix --with-gxx-include-dir=/usr/include/c++/4.8 --libdir=/usr/lib --enable-nls --with-sysroot=/ --enable-clocale=gnu --enable-libstdcxx-debug --enable-libstdcxx-time=yes --enable-gnu-unique-object --enable-plugin --with-system-zlib --disable-browser-plugin --enable-java-awt=gtk --enable-gtk-cairo --with-java-home=/usr/lib/jvm/java-1.5.0-gcj-4.8-amd64/jre --enable-java-home --with-jvm-root-dir=/usr/lib/jvm/java-1.5.0-gcj-4.8-amd64 --with-jvm-jar-dir=/usr/lib/jvm-exports/java-1.5.0-gcj-4.8-amd64 --with-arch-directory=amd64 --with-ecj-jar=/usr/share/java/eclipse-ecj.jar --enable-objc-gc --enable-multiarch --disable-werror --with-arch-32=i686 --with-abi=m64 --with-multilib-list=m32,m64,mx32 --with-tune=generic --enable-checking=release --build=x86_64-linux-gnu --host=x86_64-linux-gnu --target=x86_64-linux-gnu
Thread model: posix
gcc version 4.8.1 (Ubuntu/Linaro 4.8.1-10ubuntu9) 
configure:4061: $? = 0
configure:4050: gcc -V >&5
gcc: error: unrecognized command line option '-V'
gcc: fatal error: no input files
compilation terminated.
configure:4061: $? = 4
configure:4050: gcc -qversion >&5
gcc: error: unrecognized command line option '-qversion'
gcc: fatal error: no input files
compilation terminated.
configure:4061: $? = 4
configure:4065: checking whether we are using the GNU C compiler
configure:4084: gcc -c   conftest.c >&5
configure:4084: $? = 0
configure:4093: result: yes
configure:4102: checking whether gcc accepts -g
configure:4122: gcc -c -g  conftest.c >&5
configure:4122: $? = 0
configure:4163: result: yes
configure:4180: checking for gcc option to accept ISO C89
configure:4243: gcc  -c -g -O2  conftest.c >&5
configure:4243: $? = 0
configure:4256: result: none needed
configure:4278: checking dependency style of gcc
configure:4389: result: gcc3
configure:4405: checking whether gcc and cc understand -c and -o together
configure:4436: gcc -c conftest.c -o conftest2.o >&5
configure:4440: $? = 0
configure:4446: gcc -c conftest.c -o conftest2.o >&5
configure:4450: $? = 0
configure:4461: cc -c conftest.c >&5
configure:4465: $? = 0
configure:4473: cc -c conftest.c -o conftest2.o >&5
configure:4477: $? = 0
configure:4483: cc -c conftest.c -o conftest2.o >&5
configure:4487: $? = 0
configure:4505: result: yes
configure:4573: checking for ranlib
configure:4589: found /usr/bin/ranlib
configure:4600: result: ranlib
configure:4633: checking how to run the C preprocessor
configure:4664: gcc -E  conftest.c
configure:4664: $? = 0
configure:4678: gcc -E  conftest.c
conftest.c:11:28: fatal error: ac_nonexistent.h: No such file or directory
 #include <ac_nonexistent.h>
                            ^
compilation terminated.
configure:4678: $? = 1
configure: failed program was:
| /* confdefs.h */
| #define PACKAGE_NAME "SU2"
| #define PACKAGE_TARNAME "SU2"
| #define PACKAGE_VERSION "3.2.3"
| #define PACKAGE_STRING "SU2 3.2.3"
| #define PACKAGE_BUGREPORT "susquared-dev@lists.stanford.edu"
| #define PACKAGE_URL "http://su2.stanford.edu"
| #define PACKAGE "SU2"
| #define VERSION "3.2.3"
| /* end confdefs.h.  */
| #include <ac_nonexistent.h>
configure:4703: result: gcc -E
configure:4723: gcc -E  conftest.c
configure:4723: $? = 0
configure:4737: gcc -E  conftest.c
conftest.c:11:28: fatal error: ac_nonexistent.h: No such file or directory
 #include <ac_nonexistent.h>
                            ^
compilation terminated.
configure:4737: $? = 1
configure: failed program was:
| /* confdefs.h */
| #define PACKAGE_NAME "SU2"
| #define PACKAGE_TARNAME "SU2"
| #define PACKAGE_VERSION "3.2.3"
| #define PACKAGE_STRING "SU2 3.2.3"
| #define PACKAGE_BUGREPORT "susquared-dev@lists.stanford.edu"
| #define PACKAGE_URL "http://su2.stanford.edu"
| #define PACKAGE "SU2"
| #define VERSION "3.2.3"
| /* end confdefs.h.  */
| #include <ac_nonexistent.h>
configure:4766: checking for grep that handles long lines and -e
configure:4824: result: /bin/grep
configure:4829: checking for egrep
configure:4891: result: /bin/grep -E
configure:4896: checking for ANSI C header files
configure:4916: gcc -c -g -O2  conftest.c >&5
configure:4916: $? = 0
configure:4989: gcc -o conftest -g -O2   conftest.c  >&5
configure:4989: $? = 0
configure:4989: ./conftest
configure:4989: $? = 0
configure:5000: result: yes
configure:5013: checking for sys/types.h
configure:5013: gcc -c -g -O2  conftest.c >&5
configure:5013: $? = 0
configure:5013: result: yes
configure:5013: checking for sys/stat.h
configure:5013: gcc -c -g -O2  conftest.c >&5
configure:5013: $? = 0
configure:5013: result: yes
configure:5013: checking for stdlib.h
configure:5013: gcc -c -g -O2  conftest.c >&5
configure:5013: $? = 0
configure:5013: result: yes
configure:5013: checking for string.h
configure:5013: gcc -c -g -O2  conftest.c >&5
configure:5013: $? = 0
configure:5013: result: yes
configure:5013: checking for memory.h
configure:5013: gcc -c -g -O2  conftest.c >&5
configure:5013: $? = 0
configure:5013: result: yes
configure:5013: checking for strings.h
configure:5013: gcc -c -g -O2  conftest.c >&5
configure:5013: $? = 0
configure:5013: result: yes
configure:5013: checking for inttypes.h
configure:5013: gcc -c -g -O2  conftest.c >&5
configure:5013: $? = 0
configure:5013: result: yes
configure:5013: checking for stdint.h
configure:5013: gcc -c -g -O2  conftest.c >&5
configure:5013: $? = 0
configure:5013: result: yes
configure:5013: checking for unistd.h
configure:5013: gcc -c -g -O2  conftest.c >&5
configure:5013: $? = 0
configure:5013: result: yes
configure:5029: checking size of short int
configure:5034: gcc -o conftest -g -O2   conftest.c  >&5
configure:5034: $? = 0
configure:5034: ./conftest
configure:5034: $? = 0
configure:5048: result: 2
configure:5062: checking size of int
configure:5067: gcc -o conftest -g -O2   conftest.c  >&5
configure:5067: $? = 0
configure:5067: ./conftest
configure:5067: $? = 0
configure:5081: result: 4
configure:5095: checking size of unsigned int
configure:5100: gcc -o conftest -g -O2   conftest.c  >&5
configure:5100: $? = 0
configure:5100: ./conftest
configure:5100: $? = 0
configure:5114: result: 4
configure:5128: checking size of long int
configure:5133: gcc -o conftest -g -O2   conftest.c  >&5
configure:5133: $? = 0
configure:5133: ./conftest
configure:5133: $? = 0
configure:5147: result: 8
configure:5161: checking size of float
configure:5166: gcc -o conftest -g -O2   conftest.c  >&5
configure:5166: $? = 0
configure:5166: ./conftest
configure:5166: $? = 0
configure:5180: result: 4
configure:5194: checking size of double
configure:5199: gcc -o conftest -g -O2   conftest.c  >&5
configure:5199: $? = 0
configure:5199: ./conftest
configure:5199: $? = 0
configure:5213: result: 8
configure:5227: checking size of void *
configure:5232: gcc -o conftest -g -O2   conftest.c  >&5
configure:5232: $? = 0
configure:5232: ./conftest
configure:5232: $? = 0
configure:5246: result: 8
configure:5282: checking X11/Intrinsic.h usability
configure:5282: gcc -c -g -O2  conftest.c >&5
configure:5282: $? = 0
configure:5282: result: yes
configure:5282: checking X11/Intrinsic.h presence
configure:5282: gcc -E  conftest.c
configure:5282: $? = 0
configure:5282: result: yes
configure:5282: checking for X11/Intrinsic.h
configure:5282: result: yes
configure:5305: checking size of void *
configure:5324: result: 8
configure:5358: result: <<< Configuring library with Tecplot TecIO support >>>
configure:5422: result: <<< Configuring library with Metis support >>>
configure:5427: checking for thread local storage (TLS) class
configure:5454: gcc -c -g -O2  conftest.c >&5
configure:5454: $? = 0
configure:5474: result: __thread
configure:5627: checking for /usr/local/lib/libcgns.a
configure:5641: result: yes
configure:5661: checking for /usr/local/include/cgnslib.h
configure:5675: result: yes
configure:6142: checking that generated files are newer than configure
configure:6148: result: done
configure:6235: creating ./config.status

## ---------------------- ##
## Running config.status. ##
## ---------------------- ##

This file was extended by SU2 config.status 3.2.3, which was
generated by GNU Autoconf 2.69.  Invocation command line was

  CONFIG_FILES    = 
  CONFIG_HEADERS  = 
  CONFIG_LINKS    = 
  CONFIG_COMMANDS = 
  $ ./config.status 

on ubuntu

config.status:847: creating externals/tecio/Makefile
config.status:847: creating externals/metis/Makefile
config.status:847: creating Makefile
config.status:847: creating externals/Makefile
config.status:847: creating Common/lib/Makefile
config.status:847: creating SU2_CFD/obj/Makefile
config.status:847: creating SU2_PRT/obj/Makefile
config.status:847: creating SU2_DOT/obj/Makefile
config.status:847: creating SU2_MSH/obj/Makefile
config.status:847: creating SU2_DEF/obj/Makefile
config.status:847: creating SU2_SOL/obj/Makefile
config.status:847: creating SU2_GEO/obj/Makefile
config.status:847: creating SU2_PY/Makefile
config.status:1019: executing depfiles commands
configure:7421: result:

Build Configuration Summary:

    Source code location: /home/vinoth/SU2/SU2-3.2.3
    Install location: 	  /home/vinoth/SU2/SU2_bin_3.2.3
    Version:              3.2.3
    Compiler:             g++
    Preprocessor flags:   
    Compiler flags:       -g -O2
    Linker flags:         
    CGNS support:         yes
    MPI support:          no
    Metis support:        yes
    TecIO support:        yes
    Mutation++ support:   no
    Jsoncpp support: 	  no

    External includes:    -DHAVE_METIS -I$(top_srcdir)/externals/metis/include -DHAVE_TECIO -I$(top_srcdir)/externals/tecio/include 
    External libs:        $(top_builddir)/externals/metis/libmetis.a $(top_builddir)/externals/tecio/libtecio.a 

    Build SU2_CFD:        yes
    Build SU2_PRT:        yes
    Build SU2_DOT:        yes
    Build SU2_MSH:        yes
    Build SU2_DEF:        yes
    Build SU2_SOL:        yes
    Build SU2_GEO:        yes

Please be sure to add the $SU2_HOME and $SU2_RUN environment variables,
and update your $PATH (and $PYTHONPATH if applicable) with $SU2_RUN.

Based on the input to this configuration, add these lines to your .bashrc file:

export SU2_RUN="/home/vinoth/SU2/SU2_bin_3.2.3/bin"
export SU2_HOME="/home/vinoth/SU2/SU2-3.2.3"
export PATH=$PATH:$SU2_RUN
export PYTHONPATH=$PYTHONPATH:$SU2_RUN



## ---------------- ##
## Cache variables. ##
## ---------------- ##

ac_cv_build=x86_64-unknown-linux-gnu
ac_cv_c_compiler_gnu=yes
ac_cv_cxx_compiler_gnu=yes
ac_cv_env_CCC_set=
ac_cv_env_CCC_value=
ac_cv_env_CC_set=
ac_cv_env_CC_value=
ac_cv_env_CFLAGS_set=
ac_cv_env_CFLAGS_value=
ac_cv_env_CPPFLAGS_set=
ac_cv_env_CPPFLAGS_value=
ac_cv_env_CPP_set=
ac_cv_env_CPP_value=
ac_cv_env_CXXFLAGS_set=
ac_cv_env_CXXFLAGS_value=
ac_cv_env_CXX_set=
ac_cv_env_CXX_value=
ac_cv_env_LDFLAGS_set=
ac_cv_env_LDFLAGS_value=
ac_cv_env_LIBS_set=
ac_cv_env_LIBS_value=
ac_cv_env_build_alias_set=
ac_cv_env_build_alias_value=
ac_cv_env_host_alias_set=
ac_cv_env_host_alias_value=
ac_cv_env_target_alias_set=
ac_cv_env_target_alias_value=
ac_cv_file__usr_local_include_cgnslib_h=yes
ac_cv_file__usr_local_lib_libcgns_a=yes
ac_cv_header_X11_Intrinsic_h=yes
ac_cv_header_inttypes_h=yes
ac_cv_header_memory_h=yes
ac_cv_header_stdc=yes
ac_cv_header_stdint_h=yes
ac_cv_header_stdlib_h=yes
ac_cv_header_string_h=yes
ac_cv_header_strings_h=yes
ac_cv_header_sys_stat_h=yes
ac_cv_header_sys_types_h=yes
ac_cv_header_unistd_h=yes
ac_cv_host=x86_64-unknown-linux-gnu
ac_cv_objext=o
ac_cv_path_EGREP='/bin/grep -E'
ac_cv_path_GREP=/bin/grep
ac_cv_path_install='/usr/bin/install -c'
ac_cv_path_mkdir=/bin/mkdir
ac_cv_prog_AWK=mawk
ac_cv_prog_CPP='gcc -E'
ac_cv_prog_ac_ct_CC=gcc
ac_cv_prog_ac_ct_CXX=g++
ac_cv_prog_ac_ct_RANLIB=ranlib
ac_cv_prog_cc_c89=
ac_cv_prog_cc_g=yes
ac_cv_prog_cc_gcc_c_o=yes
ac_cv_prog_cxx_g=yes
ac_cv_prog_make_make_set=yes
ac_cv_sizeof_double=8
ac_cv_sizeof_float=4
ac_cv_sizeof_int=4
ac_cv_sizeof_long_int=8
ac_cv_sizeof_short_int=2
ac_cv_sizeof_unsigned_int=4
ac_cv_sizeof_void_p=8
ac_cv_target=x86_64-unknown-linux-gnu
ac_cv_tls=__thread
am_cv_CC_dependencies_compiler_type=gcc3
am_cv_CXX_dependencies_compiler_type=gcc3
am_cv_make_support_nested_variables=yes

## ----------------- ##
## Output variables. ##
## ----------------- ##

ACLOCAL='${SHELL} /home/vinoth/SU2/SU2-3.2.3/missing --run aclocal-1.12'
AMDEPBACKSLASH='\'
AMDEP_FALSE='#'
AMDEP_TRUE=''
AMTAR='$${TAR-tar}'
AM_BACKSLASH='\'
AM_DEFAULT_V='$(AM_DEFAULT_VERBOSITY)'
AM_DEFAULT_VERBOSITY='0'
AM_V='$(V)'
AUTOCONF='${SHELL} /home/vinoth/SU2/SU2-3.2.3/missing --run autoconf'
AUTOHEADER='${SHELL} /home/vinoth/SU2/SU2-3.2.3/missing --run autoheader'
AUTOMAKE='${SHELL} /home/vinoth/SU2/SU2-3.2.3/missing --run automake-1.12'
AWK='mawk'
BUILD_CFD_FALSE='#'
BUILD_CFD_TRUE=''
BUILD_CGNS_FALSE='#'
BUILD_CGNS_TRUE=''
BUILD_DEF_FALSE='#'
BUILD_DEF_TRUE=''
BUILD_DOT_FALSE='#'
BUILD_DOT_TRUE=''
BUILD_GEO_FALSE='#'
BUILD_GEO_TRUE=''
BUILD_JSONCPP_FALSE=''
BUILD_JSONCPP_TRUE='#'
BUILD_METIS_FALSE='#'
BUILD_METIS_TRUE=''
BUILD_MSH_FALSE='#'
BUILD_MSH_TRUE=''
BUILD_MUTATIONPP_FALSE=''
BUILD_MUTATIONPP_TRUE='#'
BUILD_PRT_FALSE='#'
BUILD_PRT_TRUE=''
BUILD_SOL_FALSE='#'
BUILD_SOL_TRUE=''
BUILD_TECIO_FALSE='#'
BUILD_TECIO_TRUE=''
CC='gcc'
CCDEPMODE='depmode=gcc3'
CFLAGS='-g -O2'
CGNS_CXX='-DHAVE_CGNS -I/usr/local/include'
CGNS_LD='/usr/local/lib/libcgns.a'
CPP='gcc -E'
CPPFLAGS=''
CXX='g++'
CXXDEPMODE='depmode=gcc3'
CXXFLAGS='-g -O2'
CYGPATH_W='echo'
DEFS='-DPACKAGE_NAME=\"SU2\" -DPACKAGE_TARNAME=\"SU2\" -DPACKAGE_VERSION=\"3.2.3\" -DPACKAGE_STRING=\"SU2\ 3.2.3\" -DPACKAGE_BUGREPORT=\"susquared-dev@lists.stanford.edu\" -DPACKAGE_URL=\"http://su2.stanford.edu\" -DPACKAGE=\"SU2\" -DVERSION=\"3.2.3\" -DSTDC_HEADERS=1 -DHAVE_SYS_TYPES_H=1 -DHAVE_SYS_STAT_H=1 -DHAVE_STDLIB_H=1 -DHAVE_STRING_H=1 -DHAVE_MEMORY_H=1 -DHAVE_STRINGS_H=1 -DHAVE_INTTYPES_H=1 -DHAVE_STDINT_H=1 -DHAVE_UNISTD_H=1 -DSIZEOF_SHORT_INT=2 -DSIZEOF_INT=4 -DSIZEOF_UNSIGNED_INT=4 -DSIZEOF_LONG_INT=8 -DSIZEOF_FLOAT=4 -DSIZEOF_DOUBLE=8 -DSIZEOF_VOID_P=8 -DSIZEOF_VOID_P=8 -DHAVE_TECPLOT_API=1 -DHAVE_TECPLOT_API_112=1 -DHAVE_METIS=1 -DTLS=__thread'
DEPDIR='.deps'
ECHO_C=''
ECHO_N='-n'
ECHO_T=''
EGREP='/bin/grep -E'
EXEEXT=''
GREP='/bin/grep'
INSTALL_DATA='${INSTALL} -m 644'
INSTALL_PROGRAM='${INSTALL}'
INSTALL_SCRIPT='${INSTALL}'
INSTALL_STRIP_PROGRAM='$(install_sh) -c -s'
JSONCPP_CXX=''
JSONCPP_LD=''
LDFLAGS=''
LIBOBJS=''
LIBS=''
LTLIBOBJS=''
MAKEINFO='${SHELL} /home/vinoth/SU2/SU2-3.2.3/missing --run makeinfo'
METIS_INCLUDE='-I$(top_srcdir)/externals/metis/include'
METIS_LIB='$(top_builddir)/externals/metis/libmetis.a'
MKDIR_P='/bin/mkdir -p'
MUTATIONPP_CXX=''
MUTATIONPP_LD=''
OBJEXT='o'
PACKAGE='SU2'
PACKAGE_BUGREPORT='susquared-dev@lists.stanford.edu'
PACKAGE_NAME='SU2'
PACKAGE_STRING='SU2 3.2.3'
PACKAGE_TARNAME='SU2'
PACKAGE_URL='http://su2.stanford.edu'
PACKAGE_VERSION='3.2.3'
PATH_SEPARATOR=':'
RANLIB='ranlib'
SET_MAKE=''
SHELL='/bin/bash'
STRIP=''
SU2_METIS_CPPFLAGS='-D_FILE_OFFSET_BITS=64 -DNDEBUG -DNDEBUG2 -DHAVE_EXECINFO_H -DHAVE_GETLINE'
TECIO_CPPFLAGS='-DLINUX64 -DLINUX '
TECIO_INCLUDE='-I$(top_srcdir)/externals/tecio/include'
VERSION='3.2.3'
ac_ct_CC='gcc'
ac_ct_CXX='g++'
am__EXEEXT_FALSE=''
am__EXEEXT_TRUE='#'
am__fastdepCC_FALSE='#'
am__fastdepCC_TRUE=''
am__fastdepCXX_FALSE='#'
am__fastdepCXX_TRUE=''
am__include='include'
am__isrc=''
am__leading_dot='.'
am__nodep='_no'
am__quote=''
am__tar='$${TAR-tar} chof - "$$tardir"'
am__untar='$${TAR-tar} xf -'
bindir='${exec_prefix}/bin'
build='x86_64-unknown-linux-gnu'
build_alias=''
build_cpu='x86_64'
build_os='linux-gnu'
build_vendor='unknown'
datadir='${datarootdir}'
datarootdir='${prefix}/share'
docdir='${datarootdir}/doc/${PACKAGE_TARNAME}'
dvidir='${docdir}'
exec_prefix='${prefix}'
host='x86_64-unknown-linux-gnu'
host_alias=''
host_cpu='x86_64'
host_os='linux-gnu'
host_vendor='unknown'
htmldir='${docdir}'
includedir='${prefix}/include'
infodir='${datarootdir}/info'
install_sh='${SHELL} /home/vinoth/SU2/SU2-3.2.3/install-sh'
libdir='${exec_prefix}/lib'
libexecdir='${exec_prefix}/libexec'
localedir='${datarootdir}/locale'
localstatedir='${prefix}/var'
mandir='${datarootdir}/man'
mkdir_p='$(MKDIR_P)'
oldincludedir='/usr/include'
pdfdir='${docdir}'
prefix='/home/vinoth/SU2/SU2_bin_3.2.3'
program_transform_name='s,x,x,'
psdir='${docdir}'
sbindir='${exec_prefix}/sbin'
sharedstatedir='${prefix}/com'
su2_externals_INCLUDES='-DHAVE_METIS -I$(top_srcdir)/externals/metis/include -DHAVE_TECIO -I$(top_srcdir)/externals/tecio/include '
su2_externals_LIBS='$(top_builddir)/externals/metis/libmetis.a $(top_builddir)/externals/tecio/libtecio.a '
sysconfdir='${prefix}/etc'
target='x86_64-unknown-linux-gnu'
target_alias=''
target_cpu='x86_64'
target_os='linux-gnu'
target_vendor='unknown'

## ----------- ##
## confdefs.h. ##
## ----------- ##

/* confdefs.h */
#define PACKAGE_NAME "SU2"
#define PACKAGE_TARNAME "SU2"
#define PACKAGE_VERSION "3.2.3"
#define PACKAGE_STRING "SU2 3.2.3"
#define PACKAGE_BUGREPORT "susquared-dev@lists.stanford.edu"
#define PACKAGE_URL "http://su2.stanford.edu"
#define PACKAGE "SU2"
#define VERSION "3.2.3"
#define STDC_HEADERS 1
#define HAVE_SYS_TYPES_H 1
#define HAVE_SYS_STAT_H 1
#define HAVE_STDLIB_H 1
#define HAVE_STRING_H 1
#define HAVE_MEMORY_H 1
#define HAVE_STRINGS_H 1
#define HAVE_INTTYPES_H 1
#define HAVE_STDINT_H 1
#define HAVE_UNISTD_H 1
#define SIZEOF_SHORT_INT 2
#define SIZEOF_INT 4
#define SIZEOF_UNSIGNED_INT 4
#define SIZEOF_LONG_INT 8
#define SIZEOF_FLOAT 4
#define SIZEOF_DOUBLE 8
#define SIZEOF_VOID_P 8
#define SIZEOF_VOID_P 8
#define HAVE_TECPLOT_API 1
#define HAVE_TECPLOT_API_112 1
#define HAVE_METIS 1
#define TLS __thread

configure: exit 0

## ---------------------- ##
## Running config.status. ##
## ---------------------- ##

This file was extended by SU2 config.status 3.2.3, which was
generated by GNU Autoconf 2.69.  Invocation command line was

  CONFIG_FILES    = 
  CONFIG_HEADERS  = 
  CONFIG_LINKS    = 
  CONFIG_COMMANDS = 
  $ ./config.status 

on ubuntu

config.status:847: creating externals/tecio/Makefile
config.status:847: creating externals/metis/Makefile
config.status:847: creating Makefile
config.status:847: creating externals/Makefile
config.status:847: creating Common/lib/Makefile
config.status:847: creating SU2_CFD/obj/Makefile
config.status:847: creating SU2_PRT/obj/Makefile
config.status:847: creating SU2_DOT/obj/Makefile
config.status:847: creating SU2_MSH/obj/Makefile
config.status:847: creating SU2_DEF/obj/Makefile
config.status:847: creating SU2_SOL/obj/Makefile
config.status:847: creating SU2_GEO/obj/Makefile
config.status:847: creating SU2_PY/Makefile
config.status:1019: executing depfiles commands
